  % Total    % Received % Xferd  Average Speed   Time    Time     Time  Current
                                 Dload  Upload   Total   Spent    Left  Speed
  0     0    0     0    0     0      0      0 --:--:-- --:--:-- --:--:--     0*   Trying 3.12.34.92:80...
* Connected to ec2-3-12-34-92.us-east-2.compute.amazonaws.com (3.12.34.92) port 80 (#0)
> GET / HTTP/1.1
> Host: ec2-3-12-34-92.us-east-2.compute.amazonaws.com
> User-Agent: curl/7.86.0
> Accept: */*
> Cookie: login=eyJ1c2VybmFtZSI6ImF3ZGVvcmlvIn0.Y_JOqg.ziVurpL0HP-dwTSyoCx-RfWJLiQ
> 
* Mark bundle as not supporting multiuse
< HTTP/1.1 200 OK
< Server: nginx/1.18.0 (Ubuntu)
< Date: Sun, 19 Feb 2023 16:32:48 GMT
< Content-Type: text/html; charset=utf-8
< Content-Length: 814
< Connection: keep-alive
< Vary: Cookie
< 
{ [814 bytes data]
100   814  100   814    0     0   8556      0 --:--:-- --:--:-- --:--:--  9465
* Connection #0 to host ec2-3-12-34-92.us-east-2.compute.amazonaws.com left intact
